filea            -9187201950435737472
fileb             4629771061636907072
filec             2314885530818453536
filed             1157442765409226768
filee              578721382704613384
filef              289360691352306692
fileg              144680345676153346
fileh               72340172838076673
rank1                             255
rank2                           65280
rank3                        16711680
rank4                      4278190080
rank5                   1095216660480
rank6                 280375465082880
rank7               71776119061217280
rank8              -72057594037927936
diag1                             128
diag2                           32832
diag3                         8405024
diag4                      2151686160
diag5                    550831656968
diag6                 141012904183812
diag7               36099303471055874
diag8            -9205322385119247871
diag9             4620710844295151872
diag10            2310355422147575808
diag11            1155177711073755136
diag12             577588855528488960
diag13             288794425616760832
diag14             144396663052566528
diag15              72057594037927936
adiag1           -9223372036854775808
adiag2            4647714815446351872
adiag3            2323998145211531264
adiag4            1161999622361579520
adiag5             580999813328273408
adiag6             290499906672525312
adiag7             145249953336295424
adiag8              72624976668147840
adiag9                283691315109952
adiag10                 1108169199648
adiag11                    4328785936
adiag12                      16909320
adiag13                         66052
adiag14                           258
adiag15                             1
knight1                       4202496
knight2                      10489856
knight3                       5277696
knight4                       2638848
knight5                       1319424
knight6                        659712
knight7                        329728
knight8                        132096
knight9                    1075839008
knight10                   2685403152
knight11                   1351090312
knight12                    675545156
knight13                    337772578
knight14                    168886289
knight15                     84410377
knight16                     33816580
knight17                 275414786112
knight18                 687463206944
knight19                 345879119952
knight20                 172939559976
knight21                  86469779988
knight22                  43234889994
knight23                  21474838533
knight24                   8657044482
knight25               70506185244672
knight26              175990580977664
knight27               88545054707712
knight28               44272527353856
knight29               22136263676928
knight30               11068131838464
knight31                5531918467072
knight32              567348067172352
”€â”€â    â”€â”€â”€â”€â”€â”€â”€â”€â”€â”´â”€â”€â”€â”€â”€â”€â”€â”€â”€â”€â”€â”€â”€â”€â”€â”€â”€â”€â”€â”€â”€â”€â”˜
(78 rows)

Time: 1.177 ms
